2013-03-27 01:57:56,615 0    [main] ERROR org.wrml.contrib.runtime.service.groovy.GroovyTemplateService getGroovyClass - Unable to compile target file [/Users/mark/Documents/WRML/code/WRML/contrib/runtime/service/groovy/target/test-classes/org/wrml/contrib/runtime/service/groovy/groovyTemplates/bad/jargon.groovy]
org.codehaus.groovy.control.MultipleCompilationErrorsException: startup failed:
/Users/mark/Documents/WRML/code/WRML/contrib/runtime/service/groovy/target/test-classes/org/wrml/contrib/runtime/service/groovy/groovyTemplates/bad/jargon.groovy: 1: expecting EOF, found 'Javalang' @ line 1, column 19.
   crappy != compile Javalang Moose
                     ^

1 error

	at org.codehaus.groovy.control.ErrorCollector.failIfErrors(ErrorCollector.java:309)
	at org.codehaus.groovy.control.ErrorCollector.addFatalError(ErrorCollector.java:149)
	at org.codehaus.groovy.control.ErrorCollector.addError(ErrorCollector.java:119)
	at org.codehaus.groovy.control.ErrorCollector.addError(ErrorCollector.java:131)
	at org.codehaus.groovy.control.SourceUnit.addError(SourceUnit.java:359)
	at org.codehaus.groovy.antlr.AntlrParserPlugin.transformCSTIntoAST(AntlrParserPlugin.java:142)
	at org.codehaus.groovy.antlr.AntlrParserPlugin.parseCST(AntlrParserPlugin.java:108)
	at org.codehaus.groovy.control.SourceUnit.parse(SourceUnit.java:236)
	at org.codehaus.groovy.control.CompilationUnit$1.call(CompilationUnit.java:163)
	at org.codehaus.groovy.control.CompilationUnit.applyToSourceUnits(CompilationUnit.java:912)
	at org.codehaus.groovy.control.CompilationUnit.doPhaseOperation(CompilationUnit.java:575)
	at org.codehaus.groovy.control.CompilationUnit.processPhaseOperations(CompilationUnit.java:551)
	at org.codehaus.groovy.control.CompilationUnit.compile(CompilationUnit.java:528)
	at groovy.lang.GroovyClassLoader.doParseClass(GroovyClassLoader.java:279)
	at groovy.lang.GroovyClassLoader.parseClass(GroovyClassLoader.java:258)
	at groovy.lang.GroovyClassLoader.parseClass(GroovyClassLoader.java:244)
	at groovy.lang.GroovyClassLoader.parseClass(GroovyClassLoader.java:185)
	at org.wrml.contrib.runtime.service.groovy.GroovyTemplateService.getGroovyClass(GroovyTemplateService.java:141)
	at org.wrml.contrib.runtime.service.groovy.GroovyTemplateService.getGroovyTemplate(GroovyTemplateService.java:161)
	at org.wrml.contrib.runtime.service.groovy.GroovyTemplateService.loadGroovyTemplate(GroovyTemplateService.java:113)
	at org.wrml.contrib.runtime.service.groovy.GroovyTemplateService.get(GroovyTemplateService.java:91)
	at org.wrml.contrib.runtime.service.groovy.GroovyTemplateServiceTest.testLoadJargonTemplate(GroovyTemplateServiceTest.java:149)
	at sun.reflect.NativeMethodAccessorImpl.invoke0(Native Method)
	at sun.reflect.NativeMethodAccessorImpl.invoke(NativeMethodAccessorImpl.java:57)
	at sun.reflect.DelegatingMethodAccessorImpl.invoke(DelegatingMethodAccessorImpl.java:43)
	at java.lang.reflect.Method.invoke(Method.java:601)
	at org.junit.runners.model.FrameworkMethod$1.runReflectiveCall(FrameworkMethod.java:47)
	at org.junit.internal.runners.model.ReflectiveCallable.run(ReflectiveCallable.java:12)
	at org.junit.runners.model.FrameworkMethod.invokeExplosively(FrameworkMethod.java:44)
	at org.junit.internal.runners.statements.InvokeMethod.evaluate(InvokeMethod.java:17)
	at org.junit.internal.runners.statements.ExpectException.evaluate(ExpectException.java:19)
	at org.junit.internal.runners.statements.RunBefores.evaluate(RunBefores.java:26)
	at org.junit.internal.runners.statements.RunAfters.evaluate(RunAfters.java:27)
	at org.junit.runners.ParentRunner.runLeaf(ParentRunner.java:271)
	at org.junit.runners.BlockJUnit4ClassRunner.runChild(BlockJUnit4ClassRunner.java:70)
	at org.junit.runners.BlockJUnit4ClassRunner.runChild(BlockJUnit4ClassRunner.java:50)
	at org.junit.runners.ParentRunner$3.run(ParentRunner.java:238)
	at org.junit.runners.ParentRunner$1.schedule(ParentRunner.java:63)
	at org.junit.runners.ParentRunner.runChildren(ParentRunner.java:236)
	at org.junit.runners.ParentRunner.access$000(ParentRunner.java:53)
	at org.junit.runners.ParentRunner$2.evaluate(ParentRunner.java:229)
	at org.junit.runners.ParentRunner.run(ParentRunner.java:309)
	at org.apache.maven.surefire.junit4.JUnit4TestSet.execute(JUnit4TestSet.java:35)
	at org.apache.maven.surefire.junit4.JUnit4Provider.executeTestSet(JUnit4Provider.java:115)
	at org.apache.maven.surefire.junit4.JUnit4Provider.invoke(JUnit4Provider.java:97)
	at sun.reflect.NativeMethodAccessorImpl.invoke0(Native Method)
	at sun.reflect.NativeMethodAccessorImpl.invoke(NativeMethodAccessorImpl.java:57)
	at sun.reflect.DelegatingMethodAccessorImpl.invoke(DelegatingMethodAccessorImpl.java:43)
	at java.lang.reflect.Method.invoke(Method.java:601)
	at org.apache.maven.surefire.booter.ProviderFactory$ClassLoaderProxy.invoke(ProviderFactory.java:103)
	at $Proxy0.invoke(Unknown Source)
	at org.apache.maven.surefire.booter.SurefireStarter.invokeProvider(SurefireStarter.java:150)
	at org.apache.maven.surefire.booter.SurefireStarter.runSuitesInProcess(SurefireStarter.java:91)
	at org.apache.maven.surefire.booter.ForkedBooter.main(ForkedBooter.java:69)
2013-03-27 01:57:56,621 6    [main] WARN  org.wrml.contrib.runtime.service.groovy.GroovyTemplateService loadGroovyTemplate - Failed to load template from location /Users/mark/Documents/WRML/code/WRML/contrib/runtime/service/groovy/target/test-classes/org/wrml/contrib/runtime/service/groovy/groovyTemplates/, proceeding to next root.
2013-03-29 17:39:21,192 0    [main] ERROR org.wrml.contrib.runtime.service.groovy.GroovyTemplateService getGroovyClass - Unable to compile target file [/Users/mark/Documents/WRML/code/WRML/contrib/runtime/service/groovy/target/test-classes/org/wrml/contrib/runtime/service/groovy/groovyTemplates/bad/jargon.groovy]
org.codehaus.groovy.control.MultipleCompilationErrorsException: startup failed:
/Users/mark/Documents/WRML/code/WRML/contrib/runtime/service/groovy/target/test-classes/org/wrml/contrib/runtime/service/groovy/groovyTemplates/bad/jargon.groovy: 1: expecting EOF, found 'Javalang' @ line 1, column 19.
   crappy != compile Javalang Moose
                     ^

1 error

	at org.codehaus.groovy.control.ErrorCollector.failIfErrors(ErrorCollector.java:309)
	at org.codehaus.groovy.control.ErrorCollector.addFatalError(ErrorCollector.java:149)
	at org.codehaus.groovy.control.ErrorCollector.addError(ErrorCollector.java:119)
	at org.codehaus.groovy.control.ErrorCollector.addError(ErrorCollector.java:131)
	at org.codehaus.groovy.control.SourceUnit.addError(SourceUnit.java:359)
	at org.codehaus.groovy.antlr.AntlrParserPlugin.transformCSTIntoAST(AntlrParserPlugin.java:142)
	at org.codehaus.groovy.antlr.AntlrParserPlugin.parseCST(AntlrParserPlugin.java:108)
	at org.codehaus.groovy.control.SourceUnit.parse(SourceUnit.java:236)
	at org.codehaus.groovy.control.CompilationUnit$1.call(CompilationUnit.java:163)
	at org.codehaus.groovy.control.CompilationUnit.applyToSourceUnits(CompilationUnit.java:912)
	at org.codehaus.groovy.control.CompilationUnit.doPhaseOperation(CompilationUnit.java:575)
	at org.codehaus.groovy.control.CompilationUnit.processPhaseOperations(CompilationUnit.java:551)
	at org.codehaus.groovy.control.CompilationUnit.compile(CompilationUnit.java:528)
	at groovy.lang.GroovyClassLoader.doParseClass(GroovyClassLoader.java:279)
	at groovy.lang.GroovyClassLoader.parseClass(GroovyClassLoader.java:258)
	at groovy.lang.GroovyClassLoader.parseClass(GroovyClassLoader.java:244)
	at groovy.lang.GroovyClassLoader.parseClass(GroovyClassLoader.java:185)
	at org.wrml.contrib.runtime.service.groovy.GroovyTemplateService.getGroovyClass(GroovyTemplateService.java:141)
	at org.wrml.contrib.runtime.service.groovy.GroovyTemplateService.getGroovyTemplate(GroovyTemplateService.java:161)
	at org.wrml.contrib.runtime.service.groovy.GroovyTemplateService.loadGroovyTemplate(GroovyTemplateService.java:113)
	at org.wrml.contrib.runtime.service.groovy.GroovyTemplateService.get(GroovyTemplateService.java:91)
	at org.wrml.contrib.runtime.service.groovy.GroovyTemplateServiceTest.testLoadJargonTemplate(GroovyTemplateServiceTest.java:149)
	at sun.reflect.NativeMethodAccessorImpl.invoke0(Native Method)
	at sun.reflect.NativeMethodAccessorImpl.invoke(NativeMethodAccessorImpl.java:57)
	at sun.reflect.DelegatingMethodAccessorImpl.invoke(DelegatingMethodAccessorImpl.java:43)
	at java.lang.reflect.Method.invoke(Method.java:601)
	at org.junit.runners.model.FrameworkMethod$1.runReflectiveCall(FrameworkMethod.java:47)
	at org.junit.internal.runners.model.ReflectiveCallable.run(ReflectiveCallable.java:12)
	at org.junit.runners.model.FrameworkMethod.invokeExplosively(FrameworkMethod.java:44)
	at org.junit.internal.runners.statements.InvokeMethod.evaluate(InvokeMethod.java:17)
	at org.junit.internal.runners.statements.ExpectException.evaluate(ExpectException.java:19)
	at org.junit.internal.runners.statements.RunBefores.evaluate(RunBefores.java:26)
	at org.junit.internal.runners.statements.RunAfters.evaluate(RunAfters.java:27)
	at org.junit.runners.ParentRunner.runLeaf(ParentRunner.java:271)
	at org.junit.runners.BlockJUnit4ClassRunner.runChild(BlockJUnit4ClassRunner.java:70)
	at org.junit.runners.BlockJUnit4ClassRunner.runChild(BlockJUnit4ClassRunner.java:50)
	at org.junit.runners.ParentRunner$3.run(ParentRunner.java:238)
	at org.junit.runners.ParentRunner$1.schedule(ParentRunner.java:63)
	at org.junit.runners.ParentRunner.runChildren(ParentRunner.java:236)
	at org.junit.runners.ParentRunner.access$000(ParentRunner.java:53)
	at org.junit.runners.ParentRunner$2.evaluate(ParentRunner.java:229)
	at org.junit.runners.ParentRunner.run(ParentRunner.java:309)
	at org.apache.maven.surefire.junit4.JUnit4TestSet.execute(JUnit4TestSet.java:35)
	at org.apache.maven.surefire.junit4.JUnit4Provider.executeTestSet(JUnit4Provider.java:115)
	at org.apache.maven.surefire.junit4.JUnit4Provider.invoke(JUnit4Provider.java:97)
	at sun.reflect.NativeMethodAccessorImpl.invoke0(Native Method)
	at sun.reflect.NativeMethodAccessorImpl.invoke(NativeMethodAccessorImpl.java:57)
	at sun.reflect.DelegatingMethodAccessorImpl.invoke(DelegatingMethodAccessorImpl.java:43)
	at java.lang.reflect.Method.invoke(Method.java:601)
	at org.apache.maven.surefire.booter.ProviderFactory$ClassLoaderProxy.invoke(ProviderFactory.java:103)
	at $Proxy0.invoke(Unknown Source)
	at org.apache.maven.surefire.booter.SurefireStarter.invokeProvider(SurefireStarter.java:150)
	at org.apache.maven.surefire.booter.SurefireStarter.runSuitesInProcess(SurefireStarter.java:91)
	at org.apache.maven.surefire.booter.ForkedBooter.main(ForkedBooter.java:69)
2013-03-29 17:39:21,199 7    [main] WARN  org.wrml.contrib.runtime.service.groovy.GroovyTemplateService loadGroovyTemplate - Failed to load template from location /Users/mark/Documents/WRML/code/WRML/contrib/runtime/service/groovy/target/test-classes/org/wrml/contrib/runtime/service/groovy/groovyTemplates/, proceeding to next root.
2013-03-30 11:13:47,766 0    [main] ERROR org.wrml.contrib.runtime.service.groovy.GroovyTemplateService getGroovyClass - Unable to compile target file [/Users/mark/Documents/WRML/code/WRML/contrib/runtime/service/groovy/target/test-classes/org/wrml/contrib/runtime/service/groovy/groovyTemplates/bad/jargon.groovy]
org.codehaus.groovy.control.MultipleCompilationErrorsException: startup failed:
/Users/mark/Documents/WRML/code/WRML/contrib/runtime/service/groovy/target/test-classes/org/wrml/contrib/runtime/service/groovy/groovyTemplates/bad/jargon.groovy: 1: expecting EOF, found 'Javalang' @ line 1, column 19.
   crappy != compile Javalang Moose
                     ^

1 error

	at org.codehaus.groovy.control.ErrorCollector.failIfErrors(ErrorCollector.java:309)
	at org.codehaus.groovy.control.ErrorCollector.addFatalError(ErrorCollector.java:149)
	at org.codehaus.groovy.control.ErrorCollector.addError(ErrorCollector.java:119)
	at org.codehaus.groovy.control.ErrorCollector.addError(ErrorCollector.java:131)
	at org.codehaus.groovy.control.SourceUnit.addError(SourceUnit.java:359)
	at org.codehaus.groovy.antlr.AntlrParserPlugin.transformCSTIntoAST(AntlrParserPlugin.java:142)
	at org.codehaus.groovy.antlr.AntlrParserPlugin.parseCST(AntlrParserPlugin.java:108)
	at org.codehaus.groovy.control.SourceUnit.parse(SourceUnit.java:236)
	at org.codehaus.groovy.control.CompilationUnit$1.call(CompilationUnit.java:163)
	at org.codehaus.groovy.control.CompilationUnit.applyToSourceUnits(CompilationUnit.java:912)
	at org.codehaus.groovy.control.CompilationUnit.doPhaseOperation(CompilationUnit.java:575)
	at org.codehaus.groovy.control.CompilationUnit.processPhaseOperations(CompilationUnit.java:551)
	at org.codehaus.groovy.control.CompilationUnit.compile(CompilationUnit.java:528)
	at groovy.lang.GroovyClassLoader.doParseClass(GroovyClassLoader.java:279)
	at groovy.lang.GroovyClassLoader.parseClass(GroovyClassLoader.java:258)
	at groovy.lang.GroovyClassLoader.parseClass(GroovyClassLoader.java:244)
	at groovy.lang.GroovyClassLoader.parseClass(GroovyClassLoader.java:185)
	at org.wrml.contrib.runtime.service.groovy.GroovyTemplateService.getGroovyClass(GroovyTemplateService.java:141)
	at org.wrml.contrib.runtime.service.groovy.GroovyTemplateService.getGroovyTemplate(GroovyTemplateService.java:161)
	at org.wrml.contrib.runtime.service.groovy.GroovyTemplateService.loadGroovyTemplate(GroovyTemplateService.java:113)
	at org.wrml.contrib.runtime.service.groovy.GroovyTemplateService.get(GroovyTemplateService.java:91)
	at org.wrml.contrib.runtime.service.groovy.GroovyTemplateServiceTest.testLoadJargonTemplate(GroovyTemplateServiceTest.java:149)
	at sun.reflect.NativeMethodAccessorImpl.invoke0(Native Method)
	at sun.reflect.NativeMethodAccessorImpl.invoke(NativeMethodAccessorImpl.java:57)
	at sun.reflect.DelegatingMethodAccessorImpl.invoke(DelegatingMethodAccessorImpl.java:43)
	at java.lang.reflect.Method.invoke(Method.java:601)
	at org.junit.runners.model.FrameworkMethod$1.runReflectiveCall(FrameworkMethod.java:47)
	at org.junit.internal.runners.model.ReflectiveCallable.run(ReflectiveCallable.java:12)
	at org.junit.runners.model.FrameworkMethod.invokeExplosively(FrameworkMethod.java:44)
	at org.junit.internal.runners.statements.InvokeMethod.evaluate(InvokeMethod.java:17)
	at org.junit.internal.runners.statements.ExpectException.evaluate(ExpectException.java:19)
	at org.junit.internal.runners.statements.RunBefores.evaluate(RunBefores.java:26)
	at org.junit.internal.runners.statements.RunAfters.evaluate(RunAfters.java:27)
	at org.junit.runners.ParentRunner.runLeaf(ParentRunner.java:271)
	at org.junit.runners.BlockJUnit4ClassRunner.runChild(BlockJUnit4ClassRunner.java:70)
	at org.junit.runners.BlockJUnit4ClassRunner.runChild(BlockJUnit4ClassRunner.java:50)
	at org.junit.runners.ParentRunner$3.run(ParentRunner.java:238)
	at org.junit.runners.ParentRunner$1.schedule(ParentRunner.java:63)
	at org.junit.runners.ParentRunner.runChildren(ParentRunner.java:236)
	at org.junit.runners.ParentRunner.access$000(ParentRunner.java:53)
	at org.junit.runners.ParentRunner$2.evaluate(ParentRunner.java:229)
	at org.junit.runners.ParentRunner.run(ParentRunner.java:309)
	at org.apache.maven.surefire.junit4.JUnit4TestSet.execute(JUnit4TestSet.java:35)
	at org.apache.maven.surefire.junit4.JUnit4Provider.executeTestSet(JUnit4Provider.java:115)
	at org.apache.maven.surefire.junit4.JUnit4Provider.invoke(JUnit4Provider.java:97)
	at sun.reflect.NativeMethodAccessorImpl.invoke0(Native Method)
	at sun.reflect.NativeMethodAccessorImpl.invoke(NativeMethodAccessorImpl.java:57)
	at sun.reflect.DelegatingMethodAccessorImpl.invoke(DelegatingMethodAccessorImpl.java:43)
	at java.lang.reflect.Method.invoke(Method.java:601)
	at org.apache.maven.surefire.booter.ProviderFactory$ClassLoaderProxy.invoke(ProviderFactory.java:103)
	at $Proxy0.invoke(Unknown Source)
	at org.apache.maven.surefire.booter.SurefireStarter.invokeProvider(SurefireStarter.java:150)
	at org.apache.maven.surefire.booter.SurefireStarter.runSuitesInProcess(SurefireStarter.java:91)
	at org.apache.maven.surefire.booter.ForkedBooter.main(ForkedBooter.java:69)
2013-03-30 11:13:47,772 6    [main] WARN  org.wrml.contrib.runtime.service.groovy.GroovyTemplateService loadGroovyTemplate - Failed to load template from location /Users/mark/Documents/WRML/code/WRML/contrib/runtime/service/groovy/target/test-classes/org/wrml/contrib/runtime/service/groovy/groovyTemplates/, proceeding to next root.
